# JRE version: OpenJDK Runtime Environment Temurin-21.0.12.1+1 (21.0.12.1+1) (build 21.0.12.1+1-LTS)
# Java VM: OpenJDK 64-Bit Server VM Temurin-21.0.12.1+1 (21.0.12.1+1-LTS, mixed mode, sharing, tiered, compressed oops, compressed class ptrs, parallel gc, windows-amd64)
GC Precious Log:
 CardTable entry size: 512
 CPUs: 8 total, 8 available
 Memory: 7998M
 Large Page Support: Disabled
 NUMA Support: Disabled
 Compressed Oops: Enabled (32-bit)
 Alignments: Space 512K, Generation 512K, Heap 2M
 Heap Min Capacity: 100M
 Heap Initial Capacity: 100M
 Heap Max Capacity: 2G
 Pre-touch: Disabled
 Parallel Workers: 8
Heap:
 PSYoungGen      total 14848K, used 2404K [0x00000000d5580000, 0x00000000d6a00000, 0x0000000100000000)
  eden space 14336K, 13% used [0x00000000d5580000,0x00000000d575d3c8,0x00000000d6380000)
  from space 512K, 96% used [0x00000000d6980000,0x00000000d69fc010,0x00000000d6a00000)
  to   space 2560K, 0% used [0x00000000d6500000,0x00000000d6500000,0x00000000d6780000)
 ParOldGen       total 873472K, used 637472K [0x0000000080000000, 0x00000000b5500000, 0x00000000d5580000)
  object space 873472K, 72% used [0x0000000080000000,0x00000000a6e88288,0x00000000b5500000)
 Metaspace       used 75430K, committed 77120K, reserved 1179648K
  class space    used 7554K, committed 8384K, reserved 1048576K
GC Heap History (20 events):
Event: 8037.922 GC heap before
{Heap before GC invocations=2234 (full 5):
 PSYoungGen      total 15360K, used 15328K [0x00000000d5580000, 0x00000000d6e80000, 0x0000000100000000)
  eden space 14336K, 100% used [0x00000000d5580000,0x00000000d6380000,0x00000000d6380000)
  from space 1024K, 96% used [0x00000000d6d80000,0x00000000d6e78010,0x00000000d6e80000)
  to   space 2048K, 0% used [0x00000000d6a80000,0x00000000d6a80000,0x00000000d6c80000)
 ParOldGen       total 873472K, used 624190K [0x0000000080000000, 0x00000000b5500000, 0x00000000d5580000)
  object space 873472K, 71% used [0x0000000080000000,0x00000000a618fa58,0x00000000b5500000)
 Metaspace       used 75401K, committed 77056K, reserved 1179648K
  class space    used 7551K, committed 8384K, reserved 1048576K
}
Event: 8037.929 GC heap after
{Heap after GC invocations=2234 (full 5):
 PSYoungGen      total 16384K, used 1152K [0x00000000d5580000, 0x00000000d6e00000, 0x0000000100000000)
  eden space 14336K, 0% used [0x00000000d5580000,0x00000000d5580000,0x00000000d6380000)
  from space 2048K, 56% used [0x00000000d6a80000,0x00000000d6ba0000,0x00000000d6c80000)
  to   space 1536K, 0% used [0x00000000d6c80000,0x00000000d6c80000,0x00000000d6e00000)
 ParOldGen       total 873472K, used 625166K [0x0000000080000000, 0x00000000b5500000, 0x00000000d5580000)
  object space 873472K, 71% used [0x0000000080000000,0x00000000a6283a68,0x00000000b5500000)
 Metaspace       used 75401K, committed 77056K, reserved 1179648K
  class space    used 7551K, committed 8384K, reserved 1048576K
}
Event: 8038.013 GC heap before
{Heap before GC invocations=2235 (full 5):
 PSYoungGen      total 16384K, used 15488K [0x00000000d5580000, 0x00000000d6e00000, 0x0000000100000000)
  eden space 14336K, 100% used [0x00000000d5580000,0x00000000d6380000,0x00000000d6380000)
  from space 2048K, 56% used [0x00000000d6a80000,0x00000000d6ba0000,0x00000000d6c80000)
  to   space 1536K, 0% used [0x00000000d6c80000,0x00000000d6c80000,0x00000000d6e00000)
 ParOldGen       total 873472K, used 625166K [0x0000000080000000, 0x00000000b5500000, 0x00000000d5580000)
  object space 873472K, 71% used [0x0000000080000000,0x00000000a6283a68,0x00000000b5500000)
 Metaspace       used 75402K, committed 77056K, reserved 1179648K
  class space    used 7551K, committed 8384K, reserved 1048576K
}
Event: 8038.021 GC heap after
{Heap after GC invocations=2235 (full 5):
 PSYoungGen      total 15872K, used 1528K [0x00000000d5580000, 0x00000000d6e00000, 0x0000000100000000)
  eden space 14336K, 0% used [0x00000000d5580000,0x00000000d5580000,0x00000000d6380000)
  from space 1536K, 99% used [0x00000000d6c80000,0x00000000d6dfe1e8,0x00000000d6e00000)
  to   space 3584K, 0% used [0x00000000d6700000,0x00000000d6700000,0x00000000d6a80000)
 ParOldGen       total 873472K, used 626662K [0x0000000080000000, 0x00000000b5500000, 0x00000000d5580000)
  object space 873472K, 71% used [0x0000000080000000,0x00000000a63f9b78,0x00000000b5500000)
 Metaspace       used 75402K, committed 77056K, reserved 1179648K
  class space    used 7551K, committed 8384K, reserved 1048576K
}
Event: 8038.057 GC heap before
{Heap before GC invocations=2236 (full 5):
 PSYoungGen      total 15872K, used 15864K [0x00000000d5580000, 0x00000000d6e00000, 0x0000000100000000)
  eden space 14336K, 100% used [0x00000000d5580000,0x00000000d6380000,0x00000000d6380000)
  from space 1536K, 99% used [0x00000000d6c80000,0x00000000d6dfe1e8,0x00000000d6e00000)
  to   space 3584K, 0% used [0x00000000d6700000,0x00000000d6700000,0x00000000d6a80000)
 ParOldGen       total 873472K, used 626662K [0x0000000080000000, 0x00000000b5500000, 0x00000000d5580000)
  object space 873472K, 71% used [0x0000000080000000,0x00000000a63f9b78,0x00000000b5500000)
 Metaspace       used 75402K, committed 77056K, reserved 1179648K
  class space    used 7551K, committed 8384K, reserved 1048576K
}
Event: 8038.071 GC heap after
{Heap after GC invocations=2236 (full 5):
 PSYoungGen      total 17920K, used 1344K [0x00000000d5580000, 0x00000000d6d00000, 0x0000000100000000)
  eden space 14336K, 0% used [0x00000000d5580000,0x00000000d5580000,0x00000000d6380000)
  from space 3584K, 37% used [0x00000000d6700000,0x00000000d6850020,0x00000000d6a80000)
  to   space 2048K, 0% used [0x00000000d6b00000,0x00000000d6b00000,0x00000000d6d00000)
 ParOldGen       total 873472K, used 628222K [0x0000000080000000, 0x00000000b5500000, 0x00000000d5580000)
  object space 873472K, 71% used [0x0000000080000000,0x00000000a657f840,0x00000000b5500000)
 Metaspace       used 75402K, committed 77056K, reserved 1179648K
  class space    used 7551K, committed 8384K, reserved 1048576K
}
Event: 8038.107 GC heap before
{Heap before GC invocations=2237 (full 5):
 PSYoungGen      total 17920K, used 15680K [0x00000000d5580000, 0x00000000d6d00000, 0x0000000100000000)
  eden space 14336K, 100% used [0x00000000d5580000,0x00000000d6380000,0x00000000d6380000)
  from space 3584K, 37% used [0x00000000d6700000,0x00000000d6850020,0x00000000d6a80000)
  to   space 2048K, 0% used [0x00000000d6b00000,0x00000000d6b00000,0x00000000d6d00000)
 ParOldGen       total 873472K, used 628222K [0x0000000080000000, 0x00000000b5500000, 0x00000000d5580000)
  object space 873472K, 71% used [0x0000000080000000,0x00000000a657f840,0x00000000b5500000)
 Metaspace       used 75402K, committed 77056K, reserved 1179648K
  class space    used 7551K, committed 8384K, reserved 1048576K
}
Event: 8038.114 GC heap after
{Heap after GC invocations=2237 (full 5):
 PSYoungGen      total 15872K, used 1072K [0x00000000d5580000, 0x00000000d6c80000, 0x0000000100000000)
  eden space 14336K, 0% used [0x00000000d5580000,0x00000000d5580000,0x00000000d6380000)
  from space 1536K, 69% used [0x00000000d6b00000,0x00000000d6c0c010,0x00000000d6c80000)
  to   space 1536K, 0% used [0x00000000d6980000,0x00000000d6980000,0x00000000d6b00000)
 ParOldGen       total 873472K, used 629474K [0x0000000080000000, 0x00000000b5500000, 0x00000000d5580000)
  object space 873472K, 72% used [0x0000000080000000,0x00000000a66b8938,0x00000000b5500000)
 Metaspace       used 75402K, committed 77056K, reserved 1179648K
  class space    used 7551K, committed 8384K, reserved 1048576K
}
Event: 8077.737 GC heap before
{Heap before GC invocations=2238 (full 5):
 PSYoungGen      total 15872K, used 15408K [0x00000000d5580000, 0x00000000d6c80000, 0x0000000100000000)
  eden space 14336K, 100% used [0x00000000d5580000,0x00000000d6380000,0x00000000d6380000)
  from space 1536K, 69% used [0x00000000d6b00000,0x00000000d6c0c010,0x00000000d6c80000)
  to   space 1536K, 0% used [0x00000000d6980000,0x00000000d6980000,0x00000000d6b00000)
 ParOldGen       total 873472K, used 629474K [0x0000000080000000, 0x00000000b5500000, 0x00000000d5580000)
  object space 873472K, 72% used [0x0000000080000000,0x00000000a66b8938,0x00000000b5500000)
 Metaspace       used 75409K, committed 77056K, reserved 1179648K
  class space    used 7551K, committed 8384K, reserved 1048576K
}
Event: 8077.747 GC heap after
{Heap after GC invocations=2238 (full 5):
 PSYoungGen      total 15872K, used 1505K [0x00000000d5580000, 0x00000000d6b80000, 0x0000000100000000)
  eden space 14336K, 0% used [0x00000000d5580000,0x00000000d5580000,0x00000000d6380000)
  from space 1536K, 98% used [0x00000000d6980000,0x00000000d6af8790,0x00000000d6b00000)
  to   space 512K, 0% used [0x00000000d6b00000,0x00000000d6b00000,0x00000000d6b80000)
 ParOldGen       total 873472K, used 630774K [0x0000000080000000, 0x00000000b5500000, 0x00000000d5580000)
  object space 873472K, 72% used [0x0000000080000000,0x00000000a67fda08,0x00000000b5500000)
 Metaspace       used 75409K, committed 77056K, reserved 1179648K
  class space    used 7551K, committed 8384K, reserved 1048576K
}
Event: 8077.779 GC heap before
{Heap before GC invocations=2239 (full 5):
 PSYoungGen      total 15872K, used 15841K [0x00000000d5580000, 0x00000000d6b80000, 0x0000000100000000)
  eden space 14336K, 100% used [0x00000000d5580000,0x00000000d6380000,0x00000000d6380000)
  from space 1536K, 98% used [0x00000000d6980000,0x00000000d6af8790,0x00000000d6b00000)
  to   space 512K, 0% used [0x00000000d6b00000,0x00000000d6b00000,0x00000000d6b80000)
 ParOldGen       total 873472K, used 630774K [0x0000000080000000, 0x00000000b5500000, 0x00000000d5580000)
  object space 873472K, 72% used [0x0000000080000000,0x00000000a67fda08,0x00000000b5500000)
 Metaspace       used 75409K, committed 77056K, reserved 1179648K
  class space    used 7551K, committed 8384K, reserved 1048576K
}
Event: 8077.788 GC heap after
{Heap after GC invocations=2239 (full 5):
 PSYoungGen      total 14848K, used 480K [0x00000000d5580000, 0x00000000d6b80000, 0x0000000100000000)
  eden space 14336K, 0% used [0x00000000d5580000,0x00000000d5580000,0x00000000d6380000)
  from space 512K, 93% used [0x00000000d6b00000,0x00000000d6b78010,0x00000000d6b80000)
  to   space 3072K, 0% used [0x00000000d6580000,0x00000000d6580000,0x00000000d6880000)
 ParOldGen       total 873472K, used 632931K [0x0000000080000000, 0x00000000b5500000, 0x00000000d5580000)
  object space 873472K, 72% used [0x0000000080000000,0x00000000a6a18c88,0x00000000b5500000)
 Metaspace       used 75409K, committed 77056K, reserved 1179648K
  class space    used 7551K, committed 8384K, reserved 1048576K
}
Event: 8077.826 GC heap before
{Heap before GC invocations=2240 (full 5):
 PSYoungGen      total 14848K, used 14816K [0x00000000d5580000, 0x00000000d6b80000, 0x0000000100000000)
  eden space 14336K, 100% used [0x00000000d5580000,0x00000000d6380000,0x00000000d6380000)
  from space 512K, 93% used [0x00000000d6b00000,0x00000000d6b78010,0x00000000d6b80000)
  to   space 3072K, 0% used [0x00000000d6580000,0x00000000d6580000,0x00000000d6880000)
 ParOldGen       total 873472K, used 632931K [0x0000000080000000, 0x00000000b5500000, 0x00000000d5580000)
  object space 873472K, 72% used [0x0000000080000000,0x00000000a6a18c88,0x00000000b5500000)
 Metaspace       used 75409K, committed 77056K, reserved 1179648K
  class space    used 7551K, committed 8384K, reserved 1048576K
}
Event: 8077.832 GC heap after
{Heap after GC invocations=2240 (full 5):
 PSYoungGen      total 17408K, used 1376K [0x00000000d5580000, 0x00000000d6b80000, 0x0000000100000000)
  eden space 14336K, 0% used [0x00000000d5580000,0x00000000d5580000,0x00000000d6380000)
  from space 3072K, 44% used [0x00000000d6580000,0x00000000d66d8020,0x00000000d6880000)
  to   space 2048K, 0% used [0x00000000d6980000,0x00000000d6980000,0x00000000d6b80000)
 ParOldGen       total 873472K, used 633451K [0x0000000080000000, 0x00000000b5500000, 0x00000000d5580000)
  object space 873472K, 72% used [0x0000000080000000,0x00000000a6a9ac98,0x00000000b5500000)
 Metaspace       used 75409K, committed 77056K, reserved 1179648K
  class space    used 7551K, committed 8384K, reserved 1048576K
}
Event: 8078.269 GC heap before
{Heap before GC invocations=2241 (full 5):
 PSYoungGen      total 17408K, used 15712K [0x00000000d5580000, 0x00000000d6b80000, 0x0000000100000000)
  eden space 14336K, 100% used [0x00000000d5580000,0x00000000d6380000,0x00000000d6380000)
  from space 3072K, 44% used [0x00000000d6580000,0x00000000d66d8020,0x00000000d6880000)
  to   space 2048K, 0% used [0x00000000d6980000,0x00000000d6980000,0x00000000d6b80000)
 ParOldGen       total 873472K, used 633451K [0x0000000080000000, 0x00000000b5500000, 0x00000000d5580000)
  object space 873472K, 72% used [0x0000000080000000,0x00000000a6a9ac98,0x00000000b5500000)
 Metaspace       used 75411K, committed 77056K, reserved 1179648K
  class space    used 7551K, committed 8384K, reserved 1048576K
}
Event: 8078.276 GC heap after
{Heap after GC invocations=2241 (full 5):
 PSYoungGen      total 15872K, used 1098K [0x00000000d5580000, 0x00000000d6b00000, 0x0000000100000000)
  eden space 14336K, 0% used [0x00000000d5580000,0x00000000d5580000,0x00000000d6380000)
  from space 1536K, 71% used [0x00000000d6980000,0x00000000d6a92910,0x00000000d6b00000)
  to   space 1536K, 0% used [0x00000000d6800000,0x00000000d6800000,0x00000000d6980000)
 ParOldGen       total 873472K, used 634699K [0x0000000080000000, 0x00000000b5500000, 0x00000000d5580000)
  object space 873472K, 72% used [0x0000000080000000,0x00000000a6bd2cd8,0x00000000b5500000)
 Metaspace       used 75411K, committed 77056K, reserved 1179648K
  class space    used 7551K, committed 8384K, reserved 1048576K
}
Event: 8078.346 GC heap before
{Heap before GC invocations=2242 (full 5):
 PSYoungGen      total 15872K, used 15434K [0x00000000d5580000, 0x00000000d6b00000, 0x0000000100000000)
  eden space 14336K, 99% used [0x00000000d5580000,0x00000000d637fff0,0x00000000d6380000)
  from space 1536K, 71% used [0x00000000d6980000,0x00000000d6a92910,0x00000000d6b00000)
  to   space 1536K, 0% used [0x00000000d6800000,0x00000000d6800000,0x00000000d6980000)
 ParOldGen       total 873472K, used 634699K [0x0000000080000000, 0x00000000b5500000, 0x00000000d5580000)
  object space 873472K, 72% used [0x0000000080000000,0x00000000a6bd2cd8,0x00000000b5500000)
 Metaspace       used 75411K, committed 77056K, reserved 1179648K
  class space    used 7551K, committed 8384K, reserved 1048576K
}
Event: 8078.353 GC heap after
{Heap after GC invocations=2242 (full 5):
 PSYoungGen      total 15872K, used 1523K [0x00000000d5580000, 0x00000000d6a00000, 0x0000000100000000)
  eden space 14336K, 0% used [0x00000000d5580000,0x00000000d5580000,0x00000000d6380000)
  from space 1536K, 99% used [0x00000000d6800000,0x00000000d697cd20,0x00000000d6980000)
  to   space 512K, 0% used [0x00000000d6980000,0x00000000d6980000,0x00000000d6a00000)
 ParOldGen       total 873472K, used 635676K [0x0000000080000000, 0x00000000b5500000, 0x00000000d5580000)
  object space 873472K, 72% used [0x0000000080000000,0x00000000a6cc7380,0x00000000b5500000)
 Metaspace       used 75411K, committed 77056K, reserved 1179648K
  class space    used 7551K, committed 8384K, reserved 1048576K
}
Event: 8079.214 GC heap before
{Heap before GC invocations=2243 (full 5):
 PSYoungGen      total 15872K, used 15859K [0x00000000d5580000, 0x00000000d6a00000, 0x0000000100000000)
  eden space 14336K, 100% used [0x00000000d5580000,0x00000000d6380000,0x00000000d6380000)
  from space 1536K, 99% used [0x00000000d6800000,0x00000000d697cd20,0x00000000d6980000)
  to   space 512K, 0% used [0x00000000d6980000,0x00000000d6980000,0x00000000d6a00000)
 ParOldGen       total 873472K, used 635676K [0x0000000080000000, 0x00000000b5500000, 0x00000000d5580000)
  object space 873472K, 72% used [0x0000000080000000,0x00000000a6cc7380,0x00000000b5500000)
 Metaspace       used 75416K, committed 77056K, reserved 1179648K
  class space    used 7551K, committed 8384K, reserved 1048576K
}
Event: 8079.222 GC heap after
{Heap after GC invocations=2243 (full 5):
 PSYoungGen      total 14848K, used 496K [0x00000000d5580000, 0x00000000d6a00000, 0x0000000100000000)
  eden space 14336K, 0% used [0x00000000d5580000,0x00000000d5580000,0x00000000d6380000)
  from space 512K, 96% used [0x00000000d6980000,0x00000000d69fc010,0x00000000d6a00000)
  to   space 2560K, 0% used [0x00000000d6500000,0x00000000d6500000,0x00000000d6780000)
 ParOldGen       total 873472K, used 637472K [0x0000000080000000, 0x00000000b5500000, 0x00000000d5580000)
  object space 873472K, 72% used [0x0000000080000000,0x00000000a6e88288,0x00000000b5500000)
 Metaspace       used 75416K, committed 77056K, reserved 1179648K
  class space    used 7551K, committed 8384K, reserved 1048576K
}

